<?xml version="1.0" encoding="UTF-8"?>
<!-- Generated by org.testng.reporters.JUnitXMLReporter -->
<testsuite hostname="Ethereal-13" ignored="0" name="Surefire test" tests="8" failures="0" timestamp="09 Apr 2018 23:04:34 GMT" time="2.262" errors="0">
  <testcase name="searchForMovieNoTerm" time="1.9" classname="test.java.MovieDbSearchTest"/>
  <testcase name="searchForTvNoTerm" time="1.9" classname="test.java.MovieDbSearchTest"/>
  <testcase name="searchForMovieTest" time="1.916" classname="test.java.MovieDbSearchTest"/>
  <testcase name="searchForTvTest" time="1.916" classname="test.java.MovieDbSearchTest"/>
  <testcase name="checkConnectionTest" time="2.216" classname="test.java.MovieDbConnectionTest"/>
  <testcase name="searchForMovieBadTerm" time="2.216" classname="test.java.MovieDbSearchTest"/>
  <testcase name="searchForTvBadTerm" time="2.216" classname="test.java.MovieDbSearchTest"/>
  <testcase name="getNewTokenTest" time="2.24" classname="test.java.MovieDbConnectionTest"/>
</testsuite> <!-- Surefire test -->
